CCS PCM C Compiler, Version 5.112, 5967               09-janv.-26 16:23

               Filename:   C:\Users\RACHID\Documents\Couveuse_DS18B20\Couveus_Code.X\dist\default\production\Couveus_Code.X.production.lst

               ROM used:   1476 words (18%)
                           Largest free fragment is 2048
               RAM used:   17 (5%) at main() level
                           39 (11%) worst case
               Stack used: 5 locations
               Stack size: 8

*
0000:  MOVLW  05
0001:  MOVWF  0A
0002:  GOTO   549
0003:  NOP
.................... #import(file="build/default/production/main.o")
.................... // Interfacing PIC16F877A with DS18B20 temperature sensor
.................... // Interfacing PIC16F877A with DS18B20 temperature sensor
.................... // C Code for CCS C compiler.
.................... 
.................... //LCD module connections
.................... #define LCD_RS_PIN      PIN_D0
.................... #define LCD_RW_PIN      PIN_D1
.................... #define LCD_ENABLE_PIN  PIN_D2
.................... #define LCD_DATA4       PIN_D3
.................... #define LCD_DATA5       PIN_D4
.................... #define LCD_DATA6       PIN_D5
.................... #define LCD_DATA7       PIN_D6
.................... //End LCD module connections
.................... 
.................... #include <16F877A.h>
.................... //////////// Standard Header file for the PIC16F877A device ////////////////
.................... ///////////////////////////////////////////////////////////////////////////
.................... ////        (C) Copyright 1996, 2020 Custom Computer Services          ////
.................... //// This source code may only be used by licensed users of the CCS C  ////
.................... //// compiler.  This source code may only be distributed to other      ////
.................... //// licensed users of the CCS C compiler.  No other use, reproduction ////
.................... //// or distribution is permitted without written permission.          ////
.................... //// Derivative programs created using this software in object code    ////
.................... //// form are not restricted in any way.                               ////
.................... ///////////////////////////////////////////////////////////////////////////
.................... #device PIC16F877A
0004:  DATA D4,32
0005:  DATA 6D,38
0006:  DATA 65,39
0007:  DATA 61,3A
0008:  DATA 75,39
0009:  DATA 65,1D
000A:  DATA 00,00
000B:  DATA 43,10
000C:  DATA 00,01
000D:  DATA A0,22
000E:  DATA 72,39
000F:  DATA 6F,39
0010:  DATA 21,10
0011:  DATA 00,00
*
0168:  MOVF   0B,W
0169:  MOVWF  28
016A:  BCF    0B.7
016B:  BSF    03.5
016C:  BSF    03.6
016D:  BSF    0C.7
016E:  BSF    0C.0
016F:  NOP
0170:  NOP
0171:  BCF    03.5
0172:  BCF    03.6
0173:  BTFSC  28.7
0174:  BSF    0B.7
0175:  BSF    03.6
0176:  MOVF   0C,W
0177:  ANDLW  7F
0178:  BTFSC  03.2
0179:  GOTO   1BC
017A:  BCF    03.6
017B:  MOVWF  28
017C:  BSF    03.6
017D:  MOVF   0D,W
017E:  BCF    03.6
017F:  MOVWF  29
0180:  BSF    03.6
0181:  MOVF   0F,W
0182:  BCF    03.6
0183:  MOVWF  2A
0184:  MOVF   28,W
0185:  MOVWF  35
0186:  CALL   13C
0187:  MOVF   29,W
0188:  BSF    03.6
0189:  MOVWF  0D
018A:  BCF    03.6
018B:  MOVF   2A,W
018C:  BSF    03.6
018D:  MOVWF  0F
018E:  BCF    03.6
018F:  MOVF   0B,W
0190:  MOVWF  2B
0191:  BCF    0B.7
0192:  BSF    03.5
0193:  BSF    03.6
0194:  BSF    0C.7
0195:  BSF    0C.0
0196:  NOP
0197:  NOP
0198:  BCF    03.5
0199:  BCF    03.6
019A:  BTFSC  2B.7
019B:  BSF    0B.7
019C:  BSF    03.6
019D:  RLF    0C,W
019E:  RLF    0E,W
019F:  ANDLW  7F
01A0:  BTFSC  03.2
01A1:  GOTO   1BC
01A2:  BCF    03.6
01A3:  MOVWF  28
01A4:  BSF    03.6
01A5:  MOVF   0D,W
01A6:  BCF    03.6
01A7:  MOVWF  29
01A8:  BSF    03.6
01A9:  MOVF   0F,W
01AA:  BCF    03.6
01AB:  MOVWF  2A
01AC:  MOVF   28,W
01AD:  MOVWF  35
01AE:  CALL   13C
01AF:  MOVF   29,W
01B0:  BSF    03.6
01B1:  MOVWF  0D
01B2:  BCF    03.6
01B3:  MOVF   2A,W
01B4:  BSF    03.6
01B5:  MOVWF  0F
01B6:  INCF   0D,F
01B7:  BTFSC  03.2
01B8:  INCF   0F,F
01B9:  BCF    03.6
01BA:  GOTO   168
01BB:  BSF    03.6
01BC:  BCF    03.6
01BD:  RETURN
*
02B2:  MOVLW  8E
02B3:  MOVWF  77
02B4:  MOVF   29,W
02B5:  MOVWF  78
02B6:  MOVF   28,W
02B7:  MOVWF  79
02B8:  CLRF   7A
02B9:  BTFSS  29.7
02BA:  GOTO   2C0
02BB:  COMF   78,F
02BC:  COMF   79,F
02BD:  INCF   79,F
02BE:  BTFSC  03.2
02BF:  INCF   78,F
02C0:  MOVF   78,F
02C1:  BTFSS  03.2
02C2:  GOTO   2CD
02C3:  MOVF   79,W
02C4:  MOVWF  78
02C5:  CLRF   79
02C6:  MOVLW  08
02C7:  SUBWF  77,F
02C8:  MOVF   78,F
02C9:  BTFSS  03.2
02CA:  GOTO   2CD
02CB:  CLRF   77
02CC:  GOTO   2D6
02CD:  BCF    03.0
02CE:  BTFSC  78.7
02CF:  GOTO   2D4
02D0:  RLF    79,F
02D1:  RLF    78,F
02D2:  DECF   77,F
02D3:  GOTO   2CD
02D4:  BTFSS  29.7
02D5:  BCF    78.7
02D6:  BCF    0A.3
02D7:  BCF    0A.4
02D8:  GOTO   574 (RETURN)
02D9:  MOVF   2C,W
02DA:  BTFSC  03.2
02DB:  GOTO   39E
02DC:  MOVWF  38
02DD:  MOVF   30,W
02DE:  BTFSC  03.2
02DF:  GOTO   39E
02E0:  SUBWF  38,F
02E1:  BTFSS  03.0
02E2:  GOTO   2E8
02E3:  MOVLW  7F
02E4:  ADDWF  38,F
02E5:  BTFSC  03.0
02E6:  GOTO   39E
02E7:  GOTO   2EE
02E8:  MOVLW  81
02E9:  SUBWF  38,F
02EA:  BTFSS  03.0
02EB:  GOTO   39E
02EC:  BTFSC  03.2
02ED:  GOTO   39E
02EE:  MOVF   38,W
02EF:  MOVWF  77
02F0:  CLRF   78
02F1:  CLRF   79
02F2:  CLRF   7A
02F3:  CLRF   37
02F4:  MOVF   2D,W
02F5:  MOVWF  36
02F6:  BSF    36.7
02F7:  MOVF   2E,W
02F8:  MOVWF  35
02F9:  MOVF   2F,W
02FA:  MOVWF  34
02FB:  MOVLW  19
02FC:  MOVWF  38
02FD:  MOVF   33,W
02FE:  SUBWF  34,F
02FF:  BTFSC  03.0
0300:  GOTO   311
0301:  MOVLW  01
0302:  SUBWF  35,F
0303:  BTFSC  03.0
0304:  GOTO   311
0305:  SUBWF  36,F
0306:  BTFSC  03.0
0307:  GOTO   311
0308:  SUBWF  37,F
0309:  BTFSC  03.0
030A:  GOTO   311
030B:  INCF   37,F
030C:  INCF   36,F
030D:  INCF   35,F
030E:  MOVF   33,W
030F:  ADDWF  34,F
0310:  GOTO   343
0311:  MOVF   32,W
0312:  SUBWF  35,F
0313:  BTFSC  03.0
0314:  GOTO   32C
0315:  MOVLW  01
0316:  SUBWF  36,F
0317:  BTFSC  03.0
0318:  GOTO   32C
0319:  SUBWF  37,F
031A:  BTFSC  03.0
031B:  GOTO   32C
031C:  INCF   37,F
031D:  INCF   36,F
031E:  MOVF   32,W
031F:  ADDWF  35,F
0320:  MOVF   33,W
0321:  ADDWF  34,F
0322:  BTFSS  03.0
0323:  GOTO   343
0324:  INCF   35,F
0325:  BTFSS  03.2
0326:  GOTO   343
0327:  INCF   36,F
0328:  BTFSS  03.2
0329:  GOTO   343
032A:  INCF   37,F
032B:  GOTO   343
032C:  MOVF   31,W
032D:  IORLW  80
032E:  SUBWF  36,F
032F:  BTFSC  03.0
0330:  GOTO   342
0331:  MOVLW  01
0332:  SUBWF  37,F
0333:  BTFSC  03.0
0334:  GOTO   342
0335:  INCF   37,F
0336:  MOVF   31,W
0337:  IORLW  80
0338:  ADDWF  36,F
0339:  MOVF   32,W
033A:  ADDWF  35,F
033B:  BTFSS  03.0
033C:  GOTO   320
033D:  INCF   36,F
033E:  BTFSS  03.2
033F:  GOTO   320
0340:  INCF   37,F
0341:  GOTO   320
0342:  BSF    7A.0
0343:  DECFSZ 38,F
0344:  GOTO   346
0345:  GOTO   351
0346:  BCF    03.0
0347:  RLF    34,F
0348:  RLF    35,F
0349:  RLF    36,F
034A:  RLF    37,F
034B:  BCF    03.0
034C:  RLF    7A,F
034D:  RLF    79,F
034E:  RLF    78,F
034F:  RLF    39,F
0350:  GOTO   2FD
0351:  BTFSS  39.0
0352:  GOTO   359
0353:  BCF    03.0
0354:  RRF    78,F
0355:  RRF    79,F
0356:  RRF    7A,F
0357:  RRF    39,F
0358:  GOTO   35C
0359:  DECF   77,F
035A:  BTFSC  03.2
035B:  GOTO   39E
035C:  BTFSC  39.7
035D:  GOTO   385
035E:  BCF    03.0
035F:  RLF    34,F
0360:  RLF    35,F
0361:  RLF    36,F
0362:  RLF    37,F
0363:  MOVF   33,W
0364:  SUBWF  34,F
0365:  BTFSC  03.0
0366:  GOTO   371
0367:  MOVLW  01
0368:  SUBWF  35,F
0369:  BTFSC  03.0
036A:  GOTO   371
036B:  SUBWF  36,F
036C:  BTFSC  03.0
036D:  GOTO   371
036E:  SUBWF  37,F
036F:  BTFSS  03.0
0370:  GOTO   394
0371:  MOVF   32,W
0372:  SUBWF  35,F
0373:  BTFSC  03.0
0374:  GOTO   37C
0375:  MOVLW  01
0376:  SUBWF  36,F
0377:  BTFSC  03.0
0378:  GOTO   37C
0379:  SUBWF  37,F
037A:  BTFSS  03.0
037B:  GOTO   394
037C:  MOVF   31,W
037D:  IORLW  80
037E:  SUBWF  36,F
037F:  BTFSC  03.0
0380:  GOTO   385
0381:  MOVLW  01
0382:  SUBWF  37,F
0383:  BTFSS  03.0
0384:  GOTO   394
0385:  INCF   7A,F
0386:  BTFSS  03.2
0387:  GOTO   394
0388:  INCF   79,F
0389:  BTFSS  03.2
038A:  GOTO   394
038B:  INCF   78,F
038C:  BTFSS  03.2
038D:  GOTO   394
038E:  INCF   77,F
038F:  BTFSC  03.2
0390:  GOTO   39E
0391:  RRF    78,F
0392:  RRF    79,F
0393:  RRF    7A,F
0394:  MOVF   2D,W
0395:  MOVWF  38
0396:  MOVF   31,W
0397:  XORWF  38,F
0398:  BTFSS  38.7
0399:  GOTO   39C
039A:  BSF    78.7
039B:  GOTO   3A2
039C:  BCF    78.7
039D:  GOTO   3A2
039E:  CLRF   77
039F:  CLRF   78
03A0:  CLRF   79
03A1:  CLRF   7A
03A2:  BCF    0A.3
03A3:  BCF    0A.4
03A4:  GOTO   58A (RETURN)
03A5:  BTFSC  03.1
03A6:  GOTO   3AA
03A7:  MOVLW  3D
03A8:  MOVWF  04
03A9:  BCF    03.7
03AA:  CLRF   77
03AB:  CLRF   78
03AC:  CLRF   79
03AD:  CLRF   7A
03AE:  CLRF   3D
03AF:  CLRF   3E
03B0:  CLRF   3F
03B1:  CLRF   40
03B2:  MOVF   3C,W
03B3:  IORWF  3B,W
03B4:  IORWF  3A,W
03B5:  IORWF  39,W
03B6:  BTFSC  03.2
03B7:  GOTO   3E8
03B8:  MOVLW  20
03B9:  MOVWF  41
03BA:  BCF    03.0
03BB:  RLF    35,F
03BC:  RLF    36,F
03BD:  RLF    37,F
03BE:  RLF    38,F
03BF:  RLF    3D,F
03C0:  RLF    3E,F
03C1:  RLF    3F,F
03C2:  RLF    40,F
03C3:  MOVF   3C,W
03C4:  SUBWF  40,W
03C5:  BTFSS  03.2
03C6:  GOTO   3D1
03C7:  MOVF   3B,W
03C8:  SUBWF  3F,W
03C9:  BTFSS  03.2
03CA:  GOTO   3D1
03CB:  MOVF   3A,W
03CC:  SUBWF  3E,W
03CD:  BTFSS  03.2
03CE:  GOTO   3D1
03CF:  MOVF   39,W
03D0:  SUBWF  3D,W
03D1:  BTFSS  03.0
03D2:  GOTO   3E2
03D3:  MOVF   39,W
03D4:  SUBWF  3D,F
03D5:  MOVF   3A,W
03D6:  BTFSS  03.0
03D7:  INCFSZ 3A,W
03D8:  SUBWF  3E,F
03D9:  MOVF   3B,W
03DA:  BTFSS  03.0
03DB:  INCFSZ 3B,W
03DC:  SUBWF  3F,F
03DD:  MOVF   3C,W
03DE:  BTFSS  03.0
03DF:  INCFSZ 3C,W
03E0:  SUBWF  40,F
03E1:  BSF    03.0
03E2:  RLF    77,F
03E3:  RLF    78,F
03E4:  RLF    79,F
03E5:  RLF    7A,F
03E6:  DECFSZ 41,F
03E7:  GOTO   3BA
03E8:  MOVF   3D,W
03E9:  MOVWF  00
03EA:  INCF   04,F
03EB:  MOVF   3E,W
03EC:  MOVWF  00
03ED:  INCF   04,F
03EE:  MOVF   3F,W
03EF:  MOVWF  00
03F0:  INCF   04,F
03F1:  MOVF   40,W
03F2:  MOVWF  00
03F3:  RETURN
03F4:  MOVF   04,W
03F5:  MOVWF  2D
03F6:  MOVF   2C,W
03F7:  MOVWF  2F
03F8:  BTFSC  03.2
03F9:  GOTO   486
03FA:  MOVF   2B,W
03FB:  MOVWF  38
03FC:  MOVF   2A,W
03FD:  MOVWF  37
03FE:  MOVF   29,W
03FF:  MOVWF  36
0400:  MOVF   28,W
0401:  MOVWF  35
0402:  CLRF   3C
0403:  CLRF   3B
0404:  MOVLW  20
0405:  MOVWF  3A
0406:  MOVLW  82
0407:  MOVWF  39
0408:  MOVF   35,W
0409:  BTFSC  03.2
040A:  GOTO   478
040B:  MOVWF  3D
040C:  MOVF   39,W
040D:  BTFSC  03.2
040E:  GOTO   478
040F:  ADDWF  3D,F
0410:  BTFSC  03.0
0411:  GOTO   419
0412:  MOVLW  7F
0413:  SUBWF  3D,F
0414:  BTFSS  03.0
0415:  GOTO   478
0416:  BTFSC  03.2
0417:  GOTO   478
0418:  GOTO   41D
0419:  MOVLW  81
041A:  ADDWF  3D,F
041B:  BTFSC  03.0
041C:  GOTO   478
041D:  MOVF   3D,W
041E:  MOVWF  77
041F:  CLRF   78
0420:  CLRF   79
0421:  CLRF   7A
0422:  MOVF   36,W
0423:  MOVWF  41
0424:  BSF    41.7
0425:  MOVF   37,W
0426:  MOVWF  40
0427:  MOVF   38,W
0428:  MOVWF  3F
0429:  MOVLW  18
042A:  MOVWF  3D
042B:  CLRF   3E
042C:  BTFSS  3F.0
042D:  GOTO   446
042E:  MOVF   3C,W
042F:  ADDWF  7A,F
0430:  BTFSS  03.0
0431:  GOTO   438
0432:  INCF   79,F
0433:  BTFSS  03.2
0434:  GOTO   438
0435:  INCF   78,F
0436:  BTFSC  03.2
0437:  BSF    3E.7
0438:  MOVF   3B,W
0439:  ADDWF  79,F
043A:  BTFSS  03.0
043B:  GOTO   43F
043C:  INCF   78,F
043D:  BTFSC  03.2
043E:  BSF    3E.7
043F:  MOVF   3A,W
0440:  MOVWF  37
0441:  BSF    37.7
0442:  MOVF   37,W
0443:  ADDWF  78,F
0444:  BTFSC  03.0
0445:  BSF    3E.7
0446:  RLF    3E,F
0447:  RRF    78,F
0448:  RRF    79,F
0449:  RRF    7A,F
044A:  RRF    41,F
044B:  RRF    40,F
044C:  RRF    3F,F
044D:  BCF    03.0
044E:  DECFSZ 3D,F
044F:  GOTO   42B
0450:  MOVLW  01
0451:  ADDWF  77,F
0452:  BTFSC  03.0
0453:  GOTO   478
0454:  BTFSC  78.7
0455:  GOTO   45D
0456:  RLF    41,F
0457:  RLF    7A,F
0458:  RLF    79,F
0459:  RLF    78,F
045A:  DECF   77,F
045B:  BTFSC  03.2
045C:  GOTO   478
045D:  BTFSS  41.7
045E:  GOTO   46E
045F:  INCF   7A,F
0460:  BTFSS  03.2
0461:  GOTO   46E
0462:  INCF   79,F
0463:  BTFSS  03.2
0464:  GOTO   46E
0465:  INCF   78,F
0466:  BTFSS  03.2
0467:  GOTO   46E
0468:  RRF    78,F
0469:  RRF    79,F
046A:  RRF    7A,F
046B:  INCF   77,F
046C:  BTFSC  03.2
046D:  GOTO   478
046E:  MOVF   36,W
046F:  MOVWF  3E
0470:  MOVF   3A,W
0471:  XORWF  3E,F
0472:  BTFSS  3E.7
0473:  GOTO   476
0474:  BSF    78.7
0475:  GOTO   47C
0476:  BCF    78.7
0477:  GOTO   47C
0478:  CLRF   77
0479:  CLRF   78
047A:  CLRF   79
047B:  CLRF   7A
047C:  MOVF   7A,W
047D:  MOVWF  2B
047E:  MOVF   79,W
047F:  MOVWF  2A
0480:  MOVF   78,W
0481:  MOVWF  29
0482:  MOVF   77,W
0483:  MOVWF  28
0484:  DECFSZ 2F,F
0485:  GOTO   3FA
0486:  MOVF   2B,W
0487:  MOVWF  38
0488:  MOVF   2A,W
0489:  MOVWF  37
048A:  MOVF   29,W
048B:  MOVWF  36
048C:  MOVF   28,W
048D:  MOVWF  35
048E:  MOVF   35,W
048F:  SUBLW  B6
0490:  MOVWF  35
0491:  CLRF   7A
0492:  MOVF   36,W
0493:  MOVWF  39
0494:  BSF    36.7
0495:  BCF    03.0
0496:  RRF    36,F
0497:  RRF    37,F
0498:  RRF    38,F
0499:  RRF    7A,F
049A:  RRF    79,F
049B:  RRF    78,F
049C:  RRF    77,F
049D:  DECFSZ 35,F
049E:  GOTO   495
049F:  BTFSS  39.7
04A0:  GOTO   4AC
04A1:  COMF   77,F
04A2:  COMF   78,F
04A3:  COMF   79,F
04A4:  COMF   7A,F
04A5:  INCF   77,F
04A6:  BTFSC  03.2
04A7:  INCF   78,F
04A8:  BTFSC  03.2
04A9:  INCF   79,F
04AA:  BTFSC  03.2
04AB:  INCF   7A,F
04AC:  MOVF   7A,W
04AD:  MOVWF  2B
04AE:  MOVF   79,W
04AF:  MOVWF  2A
04B0:  MOVF   78,W
04B1:  MOVWF  29
04B2:  MOVF   77,W
04B3:  MOVWF  28
04B4:  BTFSS  2B.7
04B5:  GOTO   4C3
04B6:  DECF   2D,F
04B7:  BSF    2D.5
04B8:  COMF   28,F
04B9:  COMF   29,F
04BA:  COMF   2A,F
04BB:  COMF   2B,F
04BC:  INCF   28,F
04BD:  BTFSC  03.2
04BE:  INCF   29,F
04BF:  BTFSC  03.2
04C0:  INCF   2A,F
04C1:  BTFSC  03.2
04C2:  INCF   2B,F
04C3:  MOVLW  3B
04C4:  MOVWF  34
04C5:  MOVLW  9A
04C6:  MOVWF  33
04C7:  MOVLW  CA
04C8:  MOVWF  32
04C9:  CLRF   31
04CA:  MOVLW  0A
04CB:  MOVWF  2F
04CC:  MOVF   2C,W
04CD:  BTFSC  03.2
04CE:  INCF   2D,F
04CF:  BSF    03.1
04D0:  MOVLW  28
04D1:  MOVWF  04
04D2:  BCF    03.7
04D3:  MOVF   2B,W
04D4:  MOVWF  38
04D5:  MOVF   2A,W
04D6:  MOVWF  37
04D7:  MOVF   29,W
04D8:  MOVWF  36
04D9:  MOVF   28,W
04DA:  MOVWF  35
04DB:  MOVF   34,W
04DC:  MOVWF  3C
04DD:  MOVF   33,W
04DE:  MOVWF  3B
04DF:  MOVF   32,W
04E0:  MOVWF  3A
04E1:  MOVF   31,W
04E2:  MOVWF  39
04E3:  CALL   3A5
04E4:  MOVF   78,W
04E5:  MOVF   77,F
04E6:  BTFSS  03.2
04E7:  GOTO   4FB
04E8:  INCF   2C,W
04E9:  SUBWF  2F,W
04EA:  BTFSC  03.2
04EB:  GOTO   4FB
04EC:  MOVF   2D,W
04ED:  BTFSC  03.2
04EE:  GOTO   4FD
04EF:  ANDLW  0F
04F0:  SUBWF  2F,W
04F1:  BTFSC  03.2
04F2:  GOTO   4F5
04F3:  BTFSC  03.0
04F4:  GOTO   52D
04F5:  BTFSC  2D.7
04F6:  GOTO   52D
04F7:  BTFSC  2D.6
04F8:  GOTO   4FD
04F9:  MOVLW  20
04FA:  GOTO   529
04FB:  MOVLW  20
04FC:  ANDWF  2D,F
04FD:  BTFSS  2D.5
04FE:  GOTO   50B
04FF:  BCF    2D.5
0500:  MOVF   2C,W
0501:  BTFSS  03.2
0502:  DECF   2D,F
0503:  MOVF   77,W
0504:  MOVWF  2D
0505:  MOVLW  2D
0506:  MOVWF  35
0507:  CALL   13C
0508:  MOVF   2D,W
0509:  MOVWF  77
050A:  CLRF   2D
050B:  MOVF   2C,W
050C:  SUBWF  2F,W
050D:  BTFSS  03.2
050E:  GOTO   519
050F:  MOVF   77,W
0510:  MOVWF  2D
0511:  MOVLW  2E
0512:  MOVWF  35
0513:  CALL   13C
0514:  MOVF   2D,W
0515:  MOVWF  77
0516:  MOVLW  20
0517:  ANDWF  2D,F
0518:  MOVLW  00
0519:  MOVLW  30
051A:  BTFSS  2D.5
051B:  GOTO   529
051C:  BCF    2D.5
051D:  MOVF   2C,W
051E:  BTFSS  03.2
051F:  DECF   2D,F
0520:  MOVF   77,W
0521:  MOVWF  2D
0522:  MOVLW  2D
0523:  MOVWF  35
0524:  CALL   13C
0525:  MOVF   2D,W
0526:  MOVWF  77
0527:  CLRF   2D
0528:  MOVLW  30
0529:  ADDWF  77,F
052A:  MOVF   77,W
052B:  MOVWF  35
052C:  CALL   13C
052D:  BCF    03.1
052E:  MOVF   34,W
052F:  MOVWF  38
0530:  MOVF   33,W
0531:  MOVWF  37
0532:  MOVF   32,W
0533:  MOVWF  36
0534:  MOVF   31,W
0535:  MOVWF  35
0536:  CLRF   3C
0537:  CLRF   3B
0538:  CLRF   3A
0539:  MOVLW  0A
053A:  MOVWF  39
053B:  CALL   3A5
053C:  MOVF   7A,W
053D:  MOVWF  34
053E:  MOVF   79,W
053F:  MOVWF  33
0540:  MOVF   78,W
0541:  MOVWF  32
0542:  MOVF   77,W
0543:  MOVWF  31
0544:  DECFSZ 2F,F
0545:  GOTO   4CF
0546:  BCF    0A.3
0547:  BCF    0A.4
0548:  GOTO   5A4 (RETURN)
.................... 
.................... #list
.................... 
.................... #fuses HS,NOWDT,NOPROTECT,NOLVP                       
.................... #use delay(clock = 16MHz)
*
0012:  MOVLW  36
0013:  MOVWF  04
0014:  BCF    03.7
0015:  MOVF   00,W
0016:  BTFSC  03.2
0017:  GOTO   026
0018:  MOVLW  05
0019:  MOVWF  78
001A:  CLRF   77
001B:  DECFSZ 77,F
001C:  GOTO   01B
001D:  DECFSZ 78,F
001E:  GOTO   01A
001F:  MOVLW  2E
0020:  MOVWF  77
0021:  DECFSZ 77,F
0022:  GOTO   021
0023:  GOTO   024
0024:  DECFSZ 00,F
0025:  GOTO   018
0026:  RETURN
*
01BE:  MOVLW  03
01BF:  SUBWF  2B,F
01C0:  BTFSS  03.0
01C1:  GOTO   1CC
01C2:  MOVLW  2B
01C3:  MOVWF  04
01C4:  BCF    03.7
01C5:  MOVF   00,W
01C6:  BTFSC  03.2
01C7:  GOTO   1CC
01C8:  GOTO   1CA
01C9:  NOP
01CA:  DECFSZ 00,F
01CB:  GOTO   1C9
01CC:  RETURN
.................... #include <lcd.c>
.................... ///////////////////////////////////////////////////////////////////////////////
.................... ////                             LCD.C                                     ////
.................... ////                 Driver for common LCD modules                         ////
.................... ////                                                                       ////
.................... ////  lcd_init()   Must be called before any other function.               ////
.................... ////                                                                       ////
.................... ////  lcd_putc(c)  Will display c on the next position of the LCD.         ////
.................... ////                 \a  Set cursor position to upper left                 ////
.................... ////                 \f  Clear display, set cursor to upper left           ////
.................... ////                 \n  Go to start of second line                        ////
.................... ////                 \b  Move back one position                            ////
.................... ////              If LCD_EXTENDED_NEWLINE is defined, the \n character     ////
.................... ////              will erase all remanining characters on the current      ////
.................... ////              line, and move the cursor to the beginning of the next   ////
.................... ////              line.                                                    ////
.................... ////              If LCD_EXTENDED_NEWLINE is defined, the \r character     ////
.................... ////              will move the cursor to the start of the current         ////
.................... ////              line.                                                    ////
.................... ////                                                                       ////
.................... ////  lcd_gotoxy(x,y) Set write position on LCD (upper left is 1,1)        ////
.................... ////                                                                       ////
.................... ////  lcd_getc(x,y)   Returns character at position x,y on LCD             ////
.................... ////                                                                       ////
.................... ////  lcd_cursor_on(int1 on)   Turn the cursor on (on=TRUE) or off         ////
.................... ////              (on=FALSE).                                              ////
.................... ////                                                                       ////
.................... ////  lcd_set_cgram_char(w, *p)   Write a custom character to the CGRAM.   ////
.................... ////                                                                       ////
.................... ////                                                                       ////
.................... ////  CONFIGURATION                                                        ////
.................... ////  The LCD can be configured in one of two ways: a.) port access or     ////
.................... ////  b.) pin access.  Port access requires the entire 7 bit interface     ////
.................... ////  connected to one GPIO port, and the data bits (D4:D7 of the LCD)     ////
.................... ////  connected to sequential pins on the GPIO.  Pin access                ////
.................... ////  has no requirements, all 7 bits of the control interface can         ////
.................... ////  can be connected to any GPIO using several ports.                    ////
.................... ////                                                                       ////
.................... ////  To use port access, #define LCD_DATA_PORT to the SFR location of     ////
.................... ////  of the GPIO port that holds the interface, -AND- edit LCD_PIN_MAP    ////
.................... ////  of this file to configure the pin order.  If you are using a         ////
.................... ////  baseline PIC (PCB), then LCD_OUTPUT_MAP and LCD_INPUT_MAP also must  ////
.................... ////  be defined.                                                          ////
.................... ////                                                                       ////
.................... ////  Example of port access:                                              ////
.................... ////     #define LCD_DATA_PORT getenv("SFR:PORTD")                         ////
.................... ////                                                                       ////
.................... ////  To use pin access, the following pins must be defined:               ////
.................... ////     LCD_ENABLE_PIN                                                    ////
.................... ////     LCD_RS_PIN                                                        ////
.................... ////     LCD_RW_PIN                                                        ////
.................... ////     LCD_DATA4                                                         ////
.................... ////     LCD_DATA5                                                         ////
.................... ////     LCD_DATA6                                                         ////
.................... ////     LCD_DATA7                                                         ////
.................... ////                                                                       ////
.................... ////  Example of pin access:                                               ////
.................... ////     #define LCD_ENABLE_PIN  PIN_E0                                    ////
.................... ////     #define LCD_RS_PIN      PIN_E1                                    ////
.................... ////     #define LCD_RW_PIN      PIN_E2                                    ////
.................... ////     #define LCD_DATA4       PIN_D4                                    ////
.................... ////     #define LCD_DATA5       PIN_D5                                    ////
.................... ////     #define LCD_DATA6       PIN_D6                                    ////
.................... ////     #define LCD_DATA7       PIN_D7                                    ////
.................... ////                                                                       ////
.................... ///////////////////////////////////////////////////////////////////////////////
.................... ////        (C) Copyright 1996,2010 Custom Computer Services           ////
.................... //// This source code may only be used by licensed users of the CCS C  ////
.................... //// compiler.  This source code may only be distributed to other      ////
.................... //// licensed users of the CCS C compiler.  No other use, reproduction ////
.................... //// or distribution is permitted without written permission.          ////
.................... //// Derivative programs created using this software in object code    ////
.................... //// form are not restricted in any way.                               ////
.................... ///////////////////////////////////////////////////////////////////////////
.................... 
.................... #ifndef __LCD_C__
.................... #define __LCD_C__
.................... 
.................... // define the pinout.
.................... // only required if port access is being used.
.................... typedef struct  
.................... {                            // This structure is overlayed
....................    int1 enable;           // on to an I/O port to gain
....................    int1 rs;               // access to the LCD pins.
....................    int1 rw;               // The bits are allocated from
....................    int1 unused;           // low order up.  ENABLE will
....................    unsigned int     data : 4;         // be LSB pin of that port.
....................   #if defined(__PCD__)       // The port used will be LCD_DATA_PORT.
....................    unsigned int    reserved: 8;
....................   #endif
.................... } LCD_PIN_MAP;
.................... 
.................... // this is to improve compatability with previous LCD drivers that accepted
.................... // a define labeled 'use_portb_lcd' that configured the LCD onto port B.
.................... #if ((defined(use_portb_lcd)) && (use_portb_lcd==TRUE))
....................  #define LCD_DATA_PORT getenv("SFR:PORTB")
.................... #endif
.................... 
.................... #if defined(__PCB__)
....................    // these definitions only need to be modified for baseline PICs.
....................    // all other PICs use LCD_PIN_MAP or individual LCD_xxx pin definitions.
.................... /*                                    EN, RS,   RW,   UNUSED,  DATA  */
....................  const LCD_PIN_MAP LCD_OUTPUT_MAP =  {0,  0,    0,    0,       0};
....................  const LCD_PIN_MAP LCD_INPUT_MAP =   {0,  0,    0,    0,       0xF};
.................... #endif
.................... 
.................... ////////////////////// END CONFIGURATION ///////////////////////////////////
.................... 
.................... #ifndef LCD_ENABLE_PIN
....................    #define lcd_output_enable(x) lcdlat.enable=x
....................    #define lcd_enable_tris()   lcdtris.enable=0
.................... #else
....................    #define lcd_output_enable(x) output_bit(LCD_ENABLE_PIN, x)
....................    #define lcd_enable_tris()  output_drive(LCD_ENABLE_PIN)
.................... #endif
.................... 
.................... #ifndef LCD_RS_PIN
....................    #define lcd_output_rs(x) lcdlat.rs=x
....................    #define lcd_rs_tris()   lcdtris.rs=0
.................... #else
....................    #define lcd_output_rs(x) output_bit(LCD_RS_PIN, x)
....................    #define lcd_rs_tris()  output_drive(LCD_RS_PIN)
.................... #endif
.................... 
.................... #ifndef LCD_RW_PIN
....................    #define lcd_output_rw(x) lcdlat.rw=x
....................    #define lcd_rw_tris()   lcdtris.rw=0
.................... #else
....................    #define lcd_output_rw(x) output_bit(LCD_RW_PIN, x)
....................    #define lcd_rw_tris()  output_drive(LCD_RW_PIN)
.................... #endif
.................... 
.................... // original version of this library incorrectly labeled LCD_DATA0 as LCD_DATA4,
.................... // LCD_DATA1 as LCD_DATA5, and so on.  this block of code makes the driver
.................... // compatible with any code written for the original library
.................... #if (defined(LCD_DATA0) && defined(LCD_DATA1) && defined(LCD_DATA2) && defined(LCD_DATA3) && !defined(LCD_DATA4) && !defined(LCD_DATA5) && !defined(LCD_DATA6) && !defined(LCD_DATA7))
....................    #define  LCD_DATA4    LCD_DATA0
....................    #define  LCD_DATA5    LCD_DATA1
....................    #define  LCD_DATA6    LCD_DATA2
....................    #define  LCD_DATA7    LCD_DATA3
.................... #endif
.................... 
.................... #ifndef LCD_DATA4
.................... #ifndef LCD_DATA_PORT
....................    #if defined(__PCB__)
....................       #define LCD_DATA_PORT      0x06     //portb
....................       #define set_tris_lcd(x)   set_tris_b(x)
....................    #else
....................      #if defined(PIN_D0)
....................       #define LCD_DATA_PORT      getenv("SFR:PORTD")     //portd
....................      #else
....................       #define LCD_DATA_PORT      getenv("SFR:PORTB")     //portb
....................      #endif
....................    #endif   
.................... #endif
.................... 
.................... #if defined(__PCB__)
....................    LCD_PIN_MAP lcd, lcdlat;
....................    #byte lcd = LCD_DATA_PORT
....................    #byte lcdlat = LCD_DATA_PORT
.................... #elif defined(__PCM__)
....................    LCD_PIN_MAP lcd, lcdlat, lcdtris;
....................    #byte lcd = LCD_DATA_PORT
....................    #byte lcdlat = LCD_DATA_PORT
....................    #byte lcdtris = LCD_DATA_PORT+0x80
.................... #elif defined(__PCH__)
....................    LCD_PIN_MAP lcd, lcdlat, lcdtris;
....................    #byte lcd = LCD_DATA_PORT
....................    #byte lcdlat = LCD_DATA_PORT+9
....................    #byte lcdtris = LCD_DATA_PORT+0x12
.................... #elif defined(__PCD__)
....................    LCD_PIN_MAP lcd, lcdlat, lcdtris;
....................    #word lcd = LCD_DATA_PORT
....................    #word lcdlat = LCD_DATA_PORT+2
....................    #word lcdtris = LCD_DATA_PORT-0x02
.................... #endif
.................... #endif   //LCD_DATA4 not defined
.................... 
.................... #ifndef LCD_TYPE
....................    #define LCD_TYPE 2           // 0=5x7, 1=5x10, 2=2 lines
.................... #endif
.................... 
.................... #ifndef LCD_LINE_TWO
....................    #define LCD_LINE_TWO 0x40    // LCD RAM address for the second line
.................... #endif
.................... 
.................... #ifndef LCD_LINE_LENGTH
....................    #define LCD_LINE_LENGTH 20
.................... #endif
.................... 
.................... unsigned int8 lcd_read_nibble(void);
.................... 
.................... unsigned int8 lcd_read_byte(void)
.................... {
....................    unsigned int8 low,high;
.................... 
....................  #if defined(__PCB__)
....................    set_tris_lcd(LCD_INPUT_MAP);
....................  #else
....................   #if (defined(LCD_DATA4) && defined(LCD_DATA5) && defined(LCD_DATA6) && defined(LCD_DATA7))
....................    output_float(LCD_DATA4);
*
008F:  BSF    08.3
....................    output_float(LCD_DATA5);
0090:  BSF    08.4
....................    output_float(LCD_DATA6);
0091:  BSF    08.5
....................    output_float(LCD_DATA7);
0092:  BSF    08.6
....................   #else
....................    lcdtris.data = 0xF;
....................   #endif
....................  #endif
....................         
....................    lcd_output_rw(1);
0093:  BCF    03.5
0094:  BSF    08.1
0095:  BSF    03.5
0096:  BCF    08.1
....................    delay_cycles(1);
0097:  NOP
....................    lcd_output_enable(1);
0098:  BCF    03.5
0099:  BSF    08.2
009A:  BSF    03.5
009B:  BCF    08.2
....................    delay_cycles(1);
009C:  NOP
....................    high = lcd_read_nibble();
009D:  BCF    03.5
009E:  CALL   056
009F:  MOVF   78,W
00A0:  MOVWF  3D
....................       
....................    lcd_output_enable(0);
00A1:  BCF    08.2
00A2:  BSF    03.5
00A3:  BCF    08.2
....................    delay_cycles(1);
00A4:  NOP
....................    lcd_output_enable(1);
00A5:  BCF    03.5
00A6:  BSF    08.2
00A7:  BSF    03.5
00A8:  BCF    08.2
....................    delay_us(1);
00A9:  GOTO   0AA
00AA:  GOTO   0AB
....................    low = lcd_read_nibble();
00AB:  BCF    03.5
00AC:  CALL   056
00AD:  MOVF   78,W
00AE:  MOVWF  3C
....................       
....................    lcd_output_enable(0);
00AF:  BCF    08.2
00B0:  BSF    03.5
00B1:  BCF    08.2
.................... 
....................  #if defined(__PCB__)
....................    set_tris_lcd(LCD_OUTPUT_MAP);
....................  #else
....................   #if (defined(LCD_DATA4) && defined(LCD_DATA5) && defined(LCD_DATA6) && defined(LCD_DATA7))
....................    output_drive(LCD_DATA4);
00B2:  BCF    08.3
....................    output_drive(LCD_DATA5);
00B3:  BCF    08.4
....................    output_drive(LCD_DATA6);
00B4:  BCF    08.5
....................    output_drive(LCD_DATA7);
00B5:  BCF    08.6
....................   #else
....................    lcdtris.data = 0x0;
....................   #endif
....................  #endif
.................... 
....................    return( (high<<4) | low);
00B6:  BCF    03.5
00B7:  SWAPF  3D,W
00B8:  MOVWF  77
00B9:  MOVLW  F0
00BA:  ANDWF  77,F
00BB:  MOVF   77,W
00BC:  IORWF  3C,W
00BD:  MOVWF  78
.................... }
.................... 
.................... unsigned int8 lcd_read_nibble(void)
.................... {
....................   #if (defined(LCD_DATA4) && defined(LCD_DATA5) && defined(LCD_DATA6) && defined(LCD_DATA7))
*
0056:  CLRF   3E
....................    unsigned int8 n = 0x00;
.................... 
....................    /* Read the data port */
....................    n |= input(LCD_DATA4);
0057:  BSF    03.5
0058:  BSF    08.3
0059:  MOVLW  00
005A:  BCF    03.5
005B:  BTFSC  08.3
005C:  MOVLW  01
005D:  IORWF  3E,F
....................    n |= input(LCD_DATA5) << 1;
005E:  BSF    03.5
005F:  BSF    08.4
0060:  MOVLW  00
0061:  BCF    03.5
0062:  BTFSC  08.4
0063:  MOVLW  01
0064:  MOVWF  77
0065:  BCF    03.0
0066:  RLF    77,F
0067:  MOVF   77,W
0068:  IORWF  3E,F
....................    n |= input(LCD_DATA6) << 2;
0069:  BSF    03.5
006A:  BSF    08.5
006B:  MOVLW  00
006C:  BCF    03.5
006D:  BTFSC  08.5
006E:  MOVLW  01
006F:  MOVWF  77
0070:  RLF    77,F
0071:  RLF    77,F
0072:  MOVLW  FC
0073:  ANDWF  77,F
0074:  MOVF   77,W
0075:  IORWF  3E,F
....................    n |= input(LCD_DATA7) << 3;
0076:  BSF    03.5
0077:  BSF    08.6
0078:  MOVLW  00
0079:  BCF    03.5
007A:  BTFSC  08.6
007B:  MOVLW  01
007C:  MOVWF  77
007D:  RLF    77,F
007E:  RLF    77,F
007F:  RLF    77,F
0080:  MOVLW  F8
0081:  ANDWF  77,F
0082:  MOVF   77,W
0083:  IORWF  3E,F
....................    
....................    return(n);
0084:  MOVF   3E,W
0085:  MOVWF  78
....................   #else
0086:  RETURN
....................    return(lcd.data);
....................   #endif
.................... }
.................... 
.................... void lcd_send_nibble(unsigned int8 n)
.................... {
....................   #if (defined(LCD_DATA4) && defined(LCD_DATA5) && defined(LCD_DATA6) && defined(LCD_DATA7))
....................    /* Write to the data port */
....................    output_bit(LCD_DATA4, bit_test(n, 0));
*
0027:  BTFSC  3D.0
0028:  GOTO   02B
0029:  BCF    08.3
002A:  GOTO   02C
002B:  BSF    08.3
002C:  BSF    03.5
002D:  BCF    08.3
....................    output_bit(LCD_DATA5, bit_test(n, 1));
002E:  BCF    03.5
002F:  BTFSC  3D.1
0030:  GOTO   033
0031:  BCF    08.4
0032:  GOTO   034
0033:  BSF    08.4
0034:  BSF    03.5
0035:  BCF    08.4
....................    output_bit(LCD_DATA6, bit_test(n, 2));
0036:  BCF    03.5
0037:  BTFSC  3D.2
0038:  GOTO   03B
0039:  BCF    08.5
003A:  GOTO   03C
003B:  BSF    08.5
003C:  BSF    03.5
003D:  BCF    08.5
....................    output_bit(LCD_DATA7, bit_test(n, 3));
003E:  BCF    03.5
003F:  BTFSC  3D.3
0040:  GOTO   043
0041:  BCF    08.6
0042:  GOTO   044
0043:  BSF    08.6
0044:  BSF    03.5
0045:  BCF    08.6
....................   #else      
....................    lcdlat.data = n;
....................   #endif
....................       
....................    delay_cycles(1);
0046:  NOP
....................    lcd_output_enable(1);
0047:  BCF    03.5
0048:  BSF    08.2
0049:  BSF    03.5
004A:  BCF    08.2
....................    delay_us(2);
004B:  MOVLW  02
004C:  MOVWF  77
004D:  DECFSZ 77,F
004E:  GOTO   04D
004F:  NOP
....................    lcd_output_enable(0);
0050:  BCF    03.5
0051:  BCF    08.2
0052:  BSF    03.5
0053:  BCF    08.2
0054:  BCF    03.5
0055:  RETURN
.................... }
.................... 
.................... void lcd_send_byte(unsigned int8 address, unsigned int8 n)
.................... {
....................   #if defined(__PCB__)
....................    set_tris_lcd(LCD_OUTPUT_MAP);
....................   #else
....................    lcd_enable_tris();
*
0087:  BSF    03.5
0088:  BCF    08.2
....................    lcd_rs_tris();
0089:  BCF    08.0
....................    lcd_rw_tris();
008A:  BCF    08.1
....................   #endif
.................... 
....................    lcd_output_rs(0);
008B:  BCF    03.5
008C:  BCF    08.0
008D:  BSF    03.5
008E:  BCF    08.0
....................    while ( bit_test(lcd_read_byte(),7) ) ;
*
00BE:  MOVF   78,W
00BF:  MOVWF  3C
00C0:  BTFSS  3C.7
00C1:  GOTO   0C4
00C2:  BSF    03.5
00C3:  GOTO   08F
....................    lcd_output_rs(address);
00C4:  MOVF   3A,F
00C5:  BTFSS  03.2
00C6:  GOTO   0C9
00C7:  BCF    08.0
00C8:  GOTO   0CA
00C9:  BSF    08.0
00CA:  BSF    03.5
00CB:  BCF    08.0
....................    delay_cycles(1);
00CC:  NOP
....................    lcd_output_rw(0);
00CD:  BCF    03.5
00CE:  BCF    08.1
00CF:  BSF    03.5
00D0:  BCF    08.1
....................    delay_cycles(1);
00D1:  NOP
....................    lcd_output_enable(0);
00D2:  BCF    03.5
00D3:  BCF    08.2
00D4:  BSF    03.5
00D5:  BCF    08.2
....................    lcd_send_nibble(n >> 4);
00D6:  BCF    03.5
00D7:  SWAPF  3B,W
00D8:  MOVWF  3C
00D9:  MOVLW  0F
00DA:  ANDWF  3C,F
00DB:  MOVF   3C,W
00DC:  MOVWF  3D
00DD:  CALL   027
....................    lcd_send_nibble(n & 0xf);
00DE:  MOVF   3B,W
00DF:  ANDLW  0F
00E0:  MOVWF  3C
00E1:  MOVWF  3D
00E2:  CALL   027
00E3:  RETURN
.................... }
.................... 
.................... #if defined(LCD_EXTENDED_NEWLINE)
.................... unsigned int8 g_LcdX, g_LcdY;
.................... #endif
.................... 
.................... void lcd_init(void) 
.................... {
....................    unsigned int8 i;
....................    unsigned int8 LCD_INIT_STRING[4] = {0x20 | (LCD_TYPE << 2), 0xc, 1, 6};
00E4:  MOVLW  28
00E5:  MOVWF  29
00E6:  MOVLW  0C
00E7:  MOVWF  2A
00E8:  MOVLW  01
00E9:  MOVWF  2B
00EA:  MOVLW  06
00EB:  MOVWF  2C
....................                              // These bytes need to be sent to the LCD
....................                              // to start it up.
....................    
.................... 
....................    lcd_output_enable(0);
00EC:  BCF    08.2
00ED:  BSF    03.5
00EE:  BCF    08.2
....................    lcd_output_rs(0);
00EF:  BCF    03.5
00F0:  BCF    08.0
00F1:  BSF    03.5
00F2:  BCF    08.0
....................    lcd_output_rw(0);
00F3:  BCF    03.5
00F4:  BCF    08.1
00F5:  BSF    03.5
00F6:  BCF    08.1
.................... 
....................  #if defined(__PCB__)
....................    set_tris_lcd(LCD_OUTPUT_MAP);
....................  #else
....................   #if (defined(LCD_DATA4) && defined(LCD_DATA5) && defined(LCD_DATA6) && defined(LCD_DATA7))
....................    output_drive(LCD_DATA4);
00F7:  BCF    08.3
....................    output_drive(LCD_DATA5);
00F8:  BCF    08.4
....................    output_drive(LCD_DATA6);
00F9:  BCF    08.5
....................    output_drive(LCD_DATA7);
00FA:  BCF    08.6
....................   #else
....................    lcdtris.data = 0x0;
....................   #endif
....................    lcd_enable_tris();
00FB:  BCF    08.2
....................    lcd_rs_tris();
00FC:  BCF    08.0
....................    lcd_rw_tris();
00FD:  BCF    08.1
....................  #endif
....................     
....................    delay_ms(15);
00FE:  MOVLW  0F
00FF:  BCF    03.5
0100:  MOVWF  36
0101:  CALL   012
....................    for(i=1;i<=3;++i)
0102:  MOVLW  01
0103:  MOVWF  28
0104:  MOVF   28,W
0105:  SUBLW  03
0106:  BTFSS  03.0
0107:  GOTO   110
....................    {
....................        lcd_send_nibble(3);
0108:  MOVLW  03
0109:  MOVWF  3D
010A:  CALL   027
....................        delay_ms(5);
010B:  MOVLW  05
010C:  MOVWF  36
010D:  CALL   012
010E:  INCF   28,F
010F:  GOTO   104
....................    }
....................    
....................    lcd_send_nibble(2);
0110:  MOVLW  02
0111:  MOVWF  3D
0112:  CALL   027
....................    delay_ms(5);
0113:  MOVLW  05
0114:  MOVWF  36
0115:  CALL   012
....................    for(i=0;i<=3;++i)
0116:  CLRF   28
0117:  MOVF   28,W
0118:  SUBLW  03
0119:  BTFSS  03.0
011A:  GOTO   127
....................       lcd_send_byte(0,LCD_INIT_STRING[i]);
011B:  MOVLW  29
011C:  ADDWF  28,W
011D:  MOVWF  04
011E:  BCF    03.7
011F:  MOVF   00,W
0120:  MOVWF  2D
0121:  CLRF   3A
0122:  MOVF   2D,W
0123:  MOVWF  3B
0124:  CALL   087
.................... 
....................   #if defined(LCD_EXTENDED_NEWLINE)
0125:  INCF   28,F
0126:  GOTO   117
0127:  BCF    0A.3
0128:  BCF    0A.4
0129:  GOTO   559 (RETURN)
....................    g_LcdX = 0;
....................    g_LcdY = 0;
....................   #endif
.................... }
.................... 
.................... void lcd_gotoxy(unsigned int8 x, unsigned int8 y)
.................... {
....................    unsigned int8 address;
....................    
....................    if(y!=1)
012A:  DECFSZ 37,W
012B:  GOTO   12D
012C:  GOTO   130
....................       address=LCD_LINE_TWO;
012D:  MOVLW  40
012E:  MOVWF  38
012F:  GOTO   131
....................    else
....................       address=0;
0130:  CLRF   38
....................      
....................    address+=x-1;
0131:  MOVLW  01
0132:  SUBWF  36,W
0133:  ADDWF  38,F
....................    lcd_send_byte(0,0x80|address);
0134:  MOVF   38,W
0135:  IORLW  80
0136:  MOVWF  39
0137:  CLRF   3A
0138:  MOVF   39,W
0139:  MOVWF  3B
013A:  CALL   087
.................... 
....................   #if defined(LCD_EXTENDED_NEWLINE)
013B:  RETURN
....................    g_LcdX = x - 1;
....................    g_LcdY = y - 1;
....................   #endif
.................... }
.................... 
.................... void lcd_putc(char c)
.................... {
....................    switch (c)
013C:  MOVF   35,W
013D:  XORLW  07
013E:  BTFSC  03.2
013F:  GOTO   14A
0140:  XORLW  0B
0141:  BTFSC  03.2
0142:  GOTO   14F
0143:  XORLW  06
0144:  BTFSC  03.2
0145:  GOTO   157
0146:  XORLW  02
0147:  BTFSC  03.2
0148:  GOTO   15D
0149:  GOTO   162
....................    {
....................       case '\a'   :  lcd_gotoxy(1,1);     break;
014A:  MOVLW  01
014B:  MOVWF  36
014C:  MOVWF  37
014D:  CALL   12A
014E:  GOTO   167
.................... 
....................       case '\f'   :  lcd_send_byte(0,1);
014F:  CLRF   3A
0150:  MOVLW  01
0151:  MOVWF  3B
0152:  CALL   087
....................                      delay_ms(2);
0153:  MOVLW  02
0154:  MOVWF  36
0155:  CALL   012
....................                     #if defined(LCD_EXTENDED_NEWLINE)
....................                      g_LcdX = 0;
....................                      g_LcdY = 0;
....................                     #endif
....................                      break;
0156:  GOTO   167
.................... 
....................      #if defined(LCD_EXTENDED_NEWLINE)
....................       case '\r'   :  lcd_gotoxy(1, g_LcdY+1);   break;
....................       case '\n'   :
....................          while (g_LcdX++ < LCD_LINE_LENGTH)
....................          {
....................             lcd_send_byte(1, ' ');
....................          }
....................          lcd_gotoxy(1, g_LcdY+2);
....................          break;
....................      #else
....................       case '\n'   : lcd_gotoxy(1,2);        break;
0157:  MOVLW  01
0158:  MOVWF  36
0159:  MOVLW  02
015A:  MOVWF  37
015B:  CALL   12A
015C:  GOTO   167
....................      #endif
....................      
....................       case '\b'   : lcd_send_byte(0,0x10);  break;
015D:  CLRF   3A
015E:  MOVLW  10
015F:  MOVWF  3B
0160:  CALL   087
0161:  GOTO   167
....................      
....................      #if defined(LCD_EXTENDED_NEWLINE)
....................       default     : 
....................          if (g_LcdX < LCD_LINE_LENGTH)
....................          {
....................             lcd_send_byte(1, c);
....................             g_LcdX++;
....................          }
....................          break;
....................      #else
....................       default     : lcd_send_byte(1,c);     break;
0162:  MOVLW  01
0163:  MOVWF  3A
0164:  MOVF   35,W
0165:  MOVWF  3B
0166:  CALL   087
....................      #endif
....................    }
0167:  RETURN
.................... }
....................  
.................... char lcd_getc(unsigned int8 x, unsigned int8 y)
.................... {
....................    char value;
.................... 
....................    lcd_gotoxy(x,y);
....................    while ( bit_test(lcd_read_byte(),7) ); // wait until busy flag is low
....................    lcd_output_rs(1);
....................    value = lcd_read_byte();
....................    lcd_output_rs(0);
....................    
....................    return(value);
.................... }
.................... 
.................... // write a custom character to the ram
.................... // which is 0-7 and specifies which character array we are modifying.
.................... // ptr points to an array of 8 bytes, where each byte is the next row of
.................... //    pixels.  only bits 0-4 are used.  the last row is the cursor row, and
.................... //    usually you will want to leave this byte 0x00.
.................... void lcd_set_cgram_char(unsigned int8 which, unsigned int8 *ptr)
.................... {
....................    unsigned int i;
.................... 
....................    which <<= 3;
....................    which &= 0x38;
.................... 
....................    lcd_send_byte(0, 0x40 | which);  //set cgram address
.................... 
....................    for(i=0; i<8; i++)
....................    {
....................       lcd_send_byte(1, *ptr++);
....................    }
....................   
....................    #if defined(LCD_EXTENDED_NEWLINE)
....................     lcd_gotoxy(g_LcdX+1, g_LcdY+1);  //set ddram address
....................    #endif
.................... }
.................... 
.................... void lcd_cursor_on(int1 on)
.................... {
....................    if (on)
....................    {
....................       lcd_send_byte(0,0x0F);           //turn LCD cursor ON
....................    }
....................    else
....................    {
....................       lcd_send_byte(0,0x0C);           //turn LCD cursor OFF
....................    }
.................... }
.................... 
.................... #endif
.................... 
.................... #define DS18B20_PIN PIN_B1                         // DS18B20 Data pin is connected to pin RB1
.................... 
.................... signed int16 raw_temp;
.................... float temp;
.................... 
.................... int1 ds18b20_start(){
....................   output_low(DS18B20_PIN);                         // Send reset pulse to the DS18B20 sensor
*
01CD:  BSF    03.5
01CE:  BCF    06.1
01CF:  BCF    03.5
01D0:  BCF    06.1
....................   output_drive(DS18B20_PIN);                       // Configure DS18B20_PIN pin as output
01D1:  BSF    03.5
01D2:  BCF    06.1
....................   delay_us(500);                                   // Wait 500 us
01D3:  MOVLW  02
01D4:  BCF    03.5
01D5:  MOVWF  2A
01D6:  MOVLW  F9
01D7:  MOVWF  2B
01D8:  CALL   1BE
01D9:  DECFSZ 2A,F
01DA:  GOTO   1D6
....................   output_float(DS18B20_PIN);                       // Configure DS18B20_PIN pin as input
01DB:  BSF    03.5
01DC:  BSF    06.1
....................   delay_us(100);                                   //wait to read the DS18B20 sensor response
01DD:  MOVLW  85
01DE:  MOVWF  77
01DF:  DECFSZ 77,F
01E0:  GOTO   1DF
....................   if (!input(DS18B20_PIN)) {
01E1:  BSF    06.1
01E2:  BCF    03.5
01E3:  BTFSC  06.1
01E4:  GOTO   1EF
....................     delay_us(400);                                 // Wait 400 us
01E5:  MOVLW  02
01E6:  MOVWF  2A
01E7:  MOVLW  C7
01E8:  MOVWF  2B
01E9:  CALL   1BE
01EA:  DECFSZ 2A,F
01EB:  GOTO   1E7
....................     return TRUE;                                   // DS18B20 sensor is present
01EC:  MOVLW  01
01ED:  MOVWF  78
01EE:  GOTO   1F1
....................   }
....................   return FALSE;
01EF:  MOVLW  00
01F0:  MOVWF  78
01F1:  RETURN
.................... }
.................... 
.................... void ds18b20_write_bit(int1 value){
....................   output_low(DS18B20_PIN);
*
0207:  BSF    03.5
0208:  BCF    06.1
0209:  BCF    03.5
020A:  BCF    06.1
....................   output_drive(DS18B20_PIN);                       // Configure DS18B20_PIN pin as output
020B:  BSF    03.5
020C:  BCF    06.1
....................   delay_us(2);                                     // Wait 2 us
020D:  MOVLW  02
020E:  MOVWF  77
020F:  DECFSZ 77,F
0210:  GOTO   20F
0211:  NOP
....................   output_bit(DS18B20_PIN, value);
0212:  BCF    03.5
0213:  MOVF   2D,F
0214:  BTFSS  03.2
0215:  GOTO   218
0216:  BCF    06.1
0217:  GOTO   219
0218:  BSF    06.1
0219:  BSF    03.5
021A:  BCF    06.1
....................   delay_us(80);                                    // Wait 80 us
021B:  MOVLW  6A
021C:  MOVWF  77
021D:  DECFSZ 77,F
021E:  GOTO   21D
021F:  NOP
....................   output_float(DS18B20_PIN);                       // Configure DS18B20_PIN pin as input
0220:  BSF    06.1
....................   delay_us(2);                                     // Wait 2 us
0221:  MOVLW  02
0222:  MOVWF  77
0223:  DECFSZ 77,F
0224:  GOTO   223
0225:  NOP
.................... }
.................... 
.................... void ds18b20_write_byte(int8 value){
....................   int8 i;
....................   for(i = 0; i < 8; i++)
*
01F2:  CLRF   2B
01F3:  MOVF   2B,W
01F4:  SUBLW  07
01F5:  BTFSS  03.0
01F6:  GOTO   229
....................     ds18b20_write_bit(bit_test(value, i));
01F7:  MOVF   2A,W
01F8:  MOVWF  77
01F9:  MOVF   2B,W
01FA:  MOVWF  78
01FB:  BTFSC  03.2
01FC:  GOTO   201
01FD:  BCF    03.0
01FE:  RRF    77,F
01FF:  DECFSZ 78,F
0200:  GOTO   1FD
0201:  MOVLW  00
0202:  BTFSC  77.0
0203:  MOVLW  01
0204:  MOVWF  2C
0205:  MOVF   2C,W
0206:  MOVWF  2D
*
0226:  BCF    03.5
0227:  INCF   2B,F
0228:  GOTO   1F3
0229:  RETURN
.................... }
.................... 
.................... int1 ds18b20_read_bit(void) {
....................   int1 value;
....................   output_low(DS18B20_PIN);
*
0230:  BSF    03.5
0231:  BCF    06.1
0232:  BCF    03.5
0233:  BCF    06.1
....................   output_drive(DS18B20_PIN);                       // Configure DS18B20_PIN pin as output
0234:  BSF    03.5
0235:  BCF    06.1
....................   delay_us(2);
0236:  MOVLW  02
0237:  MOVWF  77
0238:  DECFSZ 77,F
0239:  GOTO   238
023A:  NOP
....................   output_float(DS18B20_PIN);                       // Configure DS18B20_PIN pin as input
023B:  BSF    06.1
....................   delay_us(5);                                     // Wait 5 us
023C:  MOVLW  06
023D:  MOVWF  77
023E:  DECFSZ 77,F
023F:  GOTO   23E
0240:  NOP
....................   value = input(DS18B20_PIN);
0241:  BSF    06.1
0242:  BCF    03.5
0243:  BCF    30.0
0244:  BTFSC  06.1
0245:  BSF    30.0
....................   delay_us(100);                                   // Wait 100 us
0246:  MOVLW  85
0247:  MOVWF  77
0248:  DECFSZ 77,F
0249:  GOTO   248
....................   return value;
024A:  MOVLW  00
024B:  BTFSC  30.0
024C:  MOVLW  01
024D:  MOVWF  78
.................... }
.................... 
.................... int8 ds18b20_read_byte(void) {
*
022A:  CLRF   2F
....................   int8 i, value = 0;
....................   for(i = 0; i  < 8; i++)
022B:  CLRF   2E
022C:  MOVF   2E,W
022D:  SUBLW  07
022E:  BTFSS  03.0
022F:  GOTO   257
....................     shift_right(&value, 1, ds18b20_read_bit());
*
024E:  MOVF   78,F
024F:  BTFSS  03.2
0250:  GOTO   253
0251:  BCF    03.0
0252:  GOTO   254
0253:  BSF    03.0
0254:  RRF    2F,F
0255:  INCF   2E,F
0256:  GOTO   22C
....................   return value;
0257:  MOVF   2F,W
0258:  MOVWF  78
0259:  RETURN
.................... }
.................... 
.................... int1 ds18b20_read(int16 *raw_temp_value) {
....................   if (!ds18b20_start())                     // Send start pulse
025A:  CALL   1CD
025B:  MOVF   78,F
025C:  BTFSS  03.2
025D:  GOTO   261
....................     return FALSE;
025E:  MOVLW  00
025F:  MOVWF  78
0260:  GOTO   2AF
....................   ds18b20_write_byte(0xCC);                 // Send skip ROM command
0261:  MOVLW  CC
0262:  MOVWF  2A
0263:  CALL   1F2
....................   ds18b20_write_byte(0x44);                 // Send start conversion command
0264:  MOVLW  44
0265:  MOVWF  2A
0266:  CALL   1F2
....................   while(ds18b20_read_byte() == 0);          // Wait for conversion complete
0267:  CALL   22A
0268:  MOVF   78,F
0269:  BTFSC  03.2
026A:  GOTO   267
....................   if (!ds18b20_start())                     // Send start pulse
026B:  CALL   1CD
026C:  MOVF   78,F
026D:  BTFSS  03.2
026E:  GOTO   272
....................     return FALSE;                           // Return 0 if error
026F:  MOVLW  00
0270:  MOVWF  78
0271:  GOTO   2AF
....................   ds18b20_write_byte(0xCC);                 // Send skip ROM command
0272:  MOVLW  CC
0273:  MOVWF  2A
0274:  CALL   1F2
....................   ds18b20_write_byte(0xBE);                 // Send read command
0275:  MOVLW  BE
0276:  MOVWF  2A
0277:  CALL   1F2
....................   *raw_temp_value = ds18b20_read_byte();    // Read temperature LSB byte and store it on raw_temp_value LSB byte
0278:  MOVF   29,W
0279:  MOVWF  7A
027A:  MOVF   28,W
027B:  MOVWF  2A
027C:  MOVF   29,W
027D:  MOVWF  2B
027E:  CALL   22A
027F:  MOVF   2A,W
0280:  MOVWF  04
0281:  BCF    03.7
0282:  BTFSC  2B.0
0283:  BSF    03.7
0284:  INCF   04,F
0285:  CLRF   00
0286:  DECF   04,F
0287:  MOVF   78,W
0288:  MOVWF  00
....................   *raw_temp_value |= (int16)(ds18b20_read_byte()) << 8;     // Read temperature MSB byte and store it on raw_temp_value MSB byte
0289:  MOVF   29,W
028A:  MOVWF  7A
028B:  MOVF   28,W
028C:  MOVWF  2A
028D:  MOVF   29,W
028E:  MOVWF  2B
028F:  MOVF   28,W
0290:  MOVWF  04
0291:  BCF    03.7
0292:  BTFSC  29.0
0293:  BSF    03.7
0294:  INCF   04,F
0295:  MOVF   00,W
0296:  MOVWF  2D
0297:  DECF   04,F
0298:  MOVF   00,W
0299:  MOVWF  2C
029A:  CALL   22A
029B:  CLRF   2F
029C:  MOVLW  00
029D:  IORWF  2C,W
029E:  MOVWF  77
029F:  MOVF   78,W
02A0:  IORWF  2D,W
02A1:  MOVWF  7A
02A2:  MOVF   2A,W
02A3:  MOVWF  04
02A4:  BCF    03.7
02A5:  BTFSC  2B.0
02A6:  BSF    03.7
02A7:  INCF   04,F
02A8:  MOVF   7A,W
02A9:  MOVWF  00
02AA:  DECF   04,F
02AB:  MOVF   77,W
02AC:  MOVWF  00
....................   return TRUE;                                // OK --> return 1
02AD:  MOVLW  01
02AE:  MOVWF  78
02AF:  BCF    0A.3
02B0:  BCF    0A.4
02B1:  GOTO   56C (RETURN)
.................... }
.................... 
.................... void main() {
*
0549:  MOVF   03,W
054A:  ANDLW  1F
054B:  MOVWF  03
054C:  CLRF   27
054D:  CLRF   26
054E:  BCF    03.7
054F:  BSF    03.5
0550:  BSF    1F.0
0551:  BSF    1F.1
0552:  BSF    1F.2
0553:  BCF    1F.3
0554:  MOVLW  07
0555:  MOVWF  1C
0556:  BCF    03.7
....................   lcd_init();                                    // Initialize LCD module
0557:  BCF    03.5
0558:  GOTO   0E4
....................   lcd_putc('\f');                                // Clear LCD
0559:  MOVLW  0C
055A:  MOVWF  35
055B:  CALL   13C
....................   lcd_gotoxy(3, 1);                              // Go to column 3 row 1
055C:  MOVLW  03
055D:  MOVWF  36
055E:  MOVLW  01
055F:  MOVWF  37
0560:  CALL   12A
....................   printf(lcd_putc, "Temperature:");
0561:  MOVLW  04
0562:  BSF    03.6
0563:  MOVWF  0D
0564:  MOVLW  00
0565:  MOVWF  0F
0566:  BCF    03.6
0567:  CALL   168
....................   while(TRUE) {
....................     if(ds18b20_read(&raw_temp)) {
0568:  CLRF   29
0569:  MOVLW  20
056A:  MOVWF  28
056B:  GOTO   25A
056C:  MOVF   78,F
056D:  BTFSC  03.2
056E:  GOTO   5AF
....................       temp = (float)raw_temp / 16;               // Convert temperature raw value into degree Celsius (temp in C = raw/16)
056F:  MOVF   21,W
0570:  MOVWF  29
0571:  MOVF   20,W
0572:  MOVWF  28
0573:  GOTO   2B2
0574:  MOVF   7A,W
0575:  MOVWF  2B
0576:  MOVF   79,W
0577:  MOVWF  2A
0578:  MOVF   78,W
0579:  MOVWF  29
057A:  MOVF   77,W
057B:  MOVWF  28
057C:  MOVF   7A,W
057D:  MOVWF  2F
057E:  MOVF   79,W
057F:  MOVWF  2E
0580:  MOVF   78,W
0581:  MOVWF  2D
0582:  MOVF   77,W
0583:  MOVWF  2C
0584:  CLRF   33
0585:  CLRF   32
0586:  CLRF   31
0587:  MOVLW  83
0588:  MOVWF  30
0589:  GOTO   2D9
058A:  MOVF   7A,W
058B:  MOVWF  25
058C:  MOVF   79,W
058D:  MOVWF  24
058E:  MOVF   78,W
058F:  MOVWF  23
0590:  MOVF   77,W
0591:  MOVWF  22
....................       lcd_gotoxy(5, 2);                          // Go to column 5 row 2
0592:  MOVLW  05
0593:  MOVWF  36
0594:  MOVLW  02
0595:  MOVWF  37
0596:  CALL   12A
....................       printf(lcd_putc, "%f", temp);
0597:  MOVLW  89
0598:  MOVWF  04
0599:  MOVF   25,W
059A:  MOVWF  2B
059B:  MOVF   24,W
059C:  MOVWF  2A
059D:  MOVF   23,W
059E:  MOVWF  29
059F:  MOVF   22,W
05A0:  MOVWF  28
05A1:  MOVLW  02
05A2:  MOVWF  2C
05A3:  GOTO   3F4
....................       lcd_putc(223);                             // Print degree symbol (  )
05A4:  MOVLW  DF
05A5:  MOVWF  35
05A6:  CALL   13C
....................       lcd_putc("C ");                            // Print 'C '
05A7:  MOVLW  0B
05A8:  BSF    03.6
05A9:  MOVWF  0D
05AA:  MOVLW  00
05AB:  MOVWF  0F
05AC:  BCF    03.6
05AD:  CALL   168
....................     }
05AE:  GOTO   5BB
....................     else {
....................       lcd_gotoxy(5, 2);                          // Go to column 5 row 2
05AF:  MOVLW  05
05B0:  MOVWF  36
05B1:  MOVLW  02
05B2:  MOVWF  37
05B3:  CALL   12A
....................       printf(lcd_putc, " Error! ");
05B4:  MOVLW  0D
05B5:  BSF    03.6
05B6:  MOVWF  0D
05B7:  MOVLW  00
05B8:  MOVWF  0F
05B9:  BCF    03.6
05BA:  CALL   168
....................     }
....................     delay_ms(1000);                              // Wait 1 second
05BB:  MOVLW  04
05BC:  MOVWF  28
05BD:  MOVLW  FA
05BE:  MOVWF  36
05BF:  CALL   012
05C0:  DECFSZ 28,F
05C1:  GOTO   5BD
05C2:  GOTO   568
....................   }
.................... }
.................... // End of code.
05C3:  SLEEP
.................... 

Configuration Fuses:
   Word  1: 3F72   HS NOWDT PUT BROWNOUT NOLVP NOCPD NOWRT NODEBUG NOPROTECT
